C:\Development\node.bcrypt.js\build\default\bcrypt_lib.exp
C:\DEVELOPMENT\NODE.BCRYPT.JS\BUILD\DEFAULT\BCRYPT_LIB.ILK
C:\Development\node.bcrypt.js\build\default\bcrypt_lib.lib
C:\DEVELOPMENT\NODE.BCRYPT.JS\BUILD\DEFAULT\BCRYPT_LIB.NODE
C:\DEVELOPMENT\NODE.BCRYPT.JS\BUILD\DEFAULT\BCRYPT_LIB.PDB
C:\Development\node.bcrypt.js\win32\..\build\default\bcrypt_lib.ilk
C:\Development\node.bcrypt.js\win32\..\build\default\bcrypt_lib.node
C:\Development\node.bcrypt.js\win32\..\build\default\bcrypt_lib.pdb
C:\DEVELOPMENT\NODE.BCRYPT.JS\WIN32\DEBUG\BCRYPT.OBJ
C:\DEVELOPMENT\NODE.BCRYPT.JS\WIN32\DEBUG\BCRYPT_LIB.NODE.EMBED.MANIFEST
C:\DEVELOPMENT\NODE.BCRYPT.JS\WIN32\DEBUG\BCRYPT_LIB.NODE.EMBED.MANIFEST.RES
C:\DEVELOPMENT\NODE.BCRYPT.JS\WIN32\DEBUG\BCRYPT_LIB.NODE.INTERMEDIATE.MANIFEST
C:\Development\node.bcrypt.js\win32\Debug\bcrypt_lib.write.1.tlog
C:\Development\node.bcrypt.js\win32\Debug\bcrypt_lib_manifest.rc
C:\DEVELOPMENT\NODE.BCRYPT.JS\WIN32\DEBUG\BCRYPT_NODE.OBJ
C:\DEVELOPMENT\NODE.BCRYPT.JS\WIN32\DEBUG\BLOWFISH.OBJ
C:\Development\node.bcrypt.js\win32\Debug\cl.command.1.tlog
C:\Development\node.bcrypt.js\win32\Debug\CL.read.1.tlog
C:\Development\node.bcrypt.js\win32\Debug\CL.write.1.tlog
C:\Development\node.bcrypt.js\win32\Debug\link.4052.read.1.tlog
C:\Development\node.bcrypt.js\win32\Debug\link.4052.write.1.tlog
C:\Development\node.bcrypt.js\win32\Debug\link.4052-cvtres.read.1.tlog
C:\Development\node.bcrypt.js\win32\Debug\link.4052-cvtres.write.1.tlog
C:\Development\node.bcrypt.js\win32\Debug\link.command.1.tlog
C:\Development\node.bcrypt.js\win32\Debug\link.read.1.tlog
C:\Development\node.bcrypt.js\win32\Debug\link.write.1.tlog
C:\Development\node.bcrypt.js\win32\Debug\link-cvtres.read.1.tlog
C:\Development\node.bcrypt.js\win32\Debug\link-cvtres.write.1.tlog
C:\Development\node.bcrypt.js\win32\Debug\mt.command.1.tlog
C:\Development\node.bcrypt.js\win32\Debug\mt.read.1.tlog
C:\Development\node.bcrypt.js\win32\Debug\mt.write.1.tlog
C:\Development\node.bcrypt.js\win32\Debug\rc.command.1.tlog
C:\Development\node.bcrypt.js\win32\Debug\rc.read.1.tlog
C:\Development\node.bcrypt.js\win32\Debug\rc.write.1.tlog
C:\Development\node.bcrypt.js\win32\Debug\vc100.idb
C:\DEVELOPMENT\NODE.BCRYPT.JS\WIN32\DEBUG\VC100.PDB
